2022/10/15 14:03:20 [notice] 1#1: using the "epoll" event method
2022/10/15 14:03:20 [notice] 1#1: nginx/1.23.1
2022/10/15 14:03:20 [notice] 1#1: built by gcc 10.2.1 20210110 (Debian 10.2.1-6) 
2022/10/15 14:03:20 [notice] 1#1: OS: Linux 5.15.0-50-generic
2022/10/15 14:03:20 [notice] 1#1: getrlimit(RLIMIT_NOFILE): 1048576:1048576
2022/10/15 14:03:20 [notice] 1#1: start worker processes
2022/10/15 14:03:20 [notice] 1#1: start worker process 30
2022/10/15 14:03:20 [notice] 1#1: start worker process 31
2022/10/15 14:03:20 [notice] 1#1: start worker process 32
2022/10/15 14:03:20 [notice] 1#1: start worker process 33
2022/10/15 14:03:20 [notice] 1#1: start worker process 34
2022/10/15 14:03:20 [notice] 1#1: start worker process 35
2022/10/15 14:03:20 [notice] 1#1: start worker process 36
2022/10/15 14:03:20 [notice] 1#1: start worker process 37
2022/10/15 14:03:20 [notice] 1#1: start worker process 38
2022/10/15 14:03:20 [notice] 1#1: start worker process 39
2022/10/15 14:03:20 [notice] 1#1: start worker process 40
2022/10/15 14:03:20 [notice] 1#1: start worker process 41
2022/10/15 14:03:20 [notice] 1#1: start worker process 42
2022/10/15 14:03:20 [notice] 1#1: start worker process 43
2022/10/15 14:03:20 [notice] 1#1: start worker process 44
2022/10/15 14:03:20 [notice] 1#1: start worker process 45
2022/10/15 14:03:20 [notice] 1#1: start worker process 46
2022/10/15 14:03:20 [notice] 1#1: start worker process 47
2022/10/15 14:03:20 [notice] 1#1: start worker process 48
2022/10/15 14:03:20 [notice] 1#1: start worker process 49
2022/10/15 14:03:20 [notice] 1#1: start worker process 50
2022/10/15 14:03:20 [notice] 1#1: start worker process 51
2022/10/15 14:03:20 [notice] 1#1: start worker process 52
2022/10/15 14:03:20 [notice] 1#1: start worker process 53
2022/10/15 14:03:44 [notice] 1#1: signal 3 (SIGQUIT) received, shutting down
2022/10/15 14:03:44 [notice] 30#30: gracefully shutting down
2022/10/15 14:03:44 [notice] 32#32: gracefully shutting down
2022/10/15 14:03:44 [notice] 33#33: gracefully shutting down
2022/10/15 14:03:44 [notice] 31#31: gracefully shutting down
2022/10/15 14:03:44 [notice] 34#34: gracefully shutting down
2022/10/15 14:03:44 [notice] 30#30: exiting
2022/10/15 14:03:44 [notice] 37#37: gracefully shutting down
2022/10/15 14:03:44 [notice] 32#32: exiting
2022/10/15 14:03:44 [notice] 36#36: gracefully shutting down
2022/10/15 14:03:44 [notice] 35#35: gracefully shutting down
2022/10/15 14:03:44 [notice] 39#39: gracefully shutting down
2022/10/15 14:03:44 [notice] 38#38: gracefully shutting down
2022/10/15 14:03:44 [notice] 33#33: exiting
2022/10/15 14:03:44 [notice] 40#40: gracefully shutting down
2022/10/15 14:03:44 [notice] 31#31: exiting
2022/10/15 14:03:44 [notice] 41#41: gracefully shutting down
2022/10/15 14:03:44 [notice] 43#43: gracefully shutting down
2022/10/15 14:03:44 [notice] 42#42: gracefully shutting down
2022/10/15 14:03:44 [notice] 34#34: exiting
2022/10/15 14:03:44 [notice] 44#44: gracefully shutting down
2022/10/15 14:03:44 [notice] 45#45: gracefully shutting down
2022/10/15 14:03:44 [notice] 46#46: gracefully shutting down
2022/10/15 14:03:44 [notice] 37#37: exiting
2022/10/15 14:03:44 [notice] 47#47: gracefully shutting down
2022/10/15 14:03:44 [notice] 48#48: gracefully shutting down
2022/10/15 14:03:44 [notice] 36#36: exiting
2022/10/15 14:03:44 [notice] 50#50: gracefully shutting down
2022/10/15 14:03:44 [notice] 49#49: gracefully shutting down
2022/10/15 14:03:44 [notice] 35#35: exiting
2022/10/15 14:03:44 [notice] 51#51: gracefully shutting down
2022/10/15 14:03:44 [notice] 30#30: exit
2022/10/15 14:03:44 [notice] 32#32: exit
2022/10/15 14:03:44 [notice] 39#39: exiting
2022/10/15 14:03:44 [notice] 38#38: exiting
2022/10/15 14:03:44 [notice] 53#53: gracefully shutting down
2022/10/15 14:03:44 [notice] 40#40: exiting
2022/10/15 14:03:44 [notice] 41#41: exiting
2022/10/15 14:03:44 [notice] 33#33: exit
2022/10/15 14:03:44 [notice] 43#43: exiting
2022/10/15 14:03:44 [notice] 42#42: exiting
2022/10/15 14:03:44 [notice] 31#31: exit
2022/10/15 14:03:44 [notice] 44#44: exiting
2022/10/15 14:03:44 [notice] 45#45: exiting
2022/10/15 14:03:44 [notice] 34#34: exit
2022/10/15 14:03:44 [notice] 46#46: exiting
2022/10/15 14:03:44 [notice] 47#47: exiting
2022/10/15 14:03:44 [notice] 48#48: exiting
2022/10/15 14:03:44 [notice] 37#37: exit
2022/10/15 14:03:44 [notice] 50#50: exiting
2022/10/15 14:03:44 [notice] 49#49: exiting
2022/10/15 14:03:44 [notice] 36#36: exit
2022/10/15 14:03:44 [notice] 51#51: exiting
2022/10/15 14:03:44 [notice] 35#35: exit
2022/10/15 14:03:44 [notice] 53#53: exiting
2022/10/15 14:03:44 [notice] 39#39: exit
2022/10/15 14:03:44 [notice] 38#38: exit
2022/10/15 14:03:44 [notice] 41#41: exit
2022/10/15 14:03:44 [notice] 43#43: exit
2022/10/15 14:03:44 [notice] 44#44: exit
2022/10/15 14:03:44 [notice] 40#40: exit
2022/10/15 14:03:44 [notice] 42#42: exit
2022/10/15 14:03:44 [notice] 46#46: exit
2022/10/15 14:03:44 [notice] 45#45: exit
2022/10/15 14:03:44 [notice] 47#47: exit
2022/10/15 14:03:44 [notice] 48#48: exit
2022/10/15 14:03:44 [notice] 50#50: exit
2022/10/15 14:03:44 [notice] 49#49: exit
2022/10/15 14:03:44 [notice] 51#51: exit
2022/10/15 14:03:44 [notice] 53#53: exit
2022/10/15 14:03:44 [notice] 52#52: gracefully shutting down
2022/10/15 14:03:44 [notice] 52#52: exiting
2022/10/15 14:03:44 [notice] 52#52: exit
2022/10/15 14:03:44 [notice] 1#1: signal 17 (SIGCHLD) received from 46
2022/10/15 14:03:44 [notice] 1#1: worker process 31 exited with code 0
2022/10/15 14:03:44 [notice] 1#1: worker process 46 exited with code 0
2022/10/15 14:03:44 [notice] 1#1: worker process 47 exited with code 0
2022/10/15 14:03:44 [notice] 1#1: signal 29 (SIGIO) received
2022/10/15 14:03:44 [notice] 1#1: signal 17 (SIGCHLD) received from 36
2022/10/15 14:03:44 [notice] 1#1: worker process 36 exited with code 0
2022/10/15 14:03:44 [notice] 1#1: signal 29 (SIGIO) received
2022/10/15 14:03:44 [notice] 1#1: signal 17 (SIGCHLD) received from 53
2022/10/15 14:03:44 [notice] 1#1: worker process 53 exited with code 0
2022/10/15 14:03:44 [notice] 1#1: signal 29 (SIGIO) received
2022/10/15 14:03:44 [notice] 1#1: signal 17 (SIGCHLD) received from 51
2022/10/15 14:03:44 [notice] 1#1: worker process 32 exited with code 0
2022/10/15 14:03:44 [notice] 1#1: worker process 33 exited with code 0
2022/10/15 14:03:44 [notice] 1#1: worker process 51 exited with code 0
2022/10/15 14:03:44 [notice] 1#1: signal 29 (SIGIO) received
2022/10/15 14:03:44 [notice] 1#1: signal 17 (SIGCHLD) received from 33
2022/10/15 14:03:44 [notice] 1#1: signal 17 (SIGCHLD) received from 37
2022/10/15 14:03:44 [notice] 1#1: worker process 37 exited with code 0
2022/10/15 14:03:44 [notice] 1#1: signal 29 (SIGIO) received
2022/10/15 14:03:44 [notice] 1#1: signal 17 (SIGCHLD) received from 38
2022/10/15 14:03:44 [notice] 1#1: worker process 38 exited with code 0
2022/10/15 14:03:44 [notice] 1#1: signal 29 (SIGIO) received
2022/10/15 14:03:44 [notice] 1#1: signal 17 (SIGCHLD) received from 43
2022/10/15 14:03:44 [notice] 1#1: worker process 40 exited with code 0
2022/10/15 14:03:44 [notice] 1#1: worker process 41 exited with code 0
2022/10/15 14:03:44 [notice] 1#1: worker process 43 exited with code 0
2022/10/15 14:03:44 [notice] 1#1: worker process 49 exited with code 0
2022/10/15 14:03:44 [notice] 1#1: signal 29 (SIGIO) received
2022/10/15 14:03:44 [notice] 1#1: signal 17 (SIGCHLD) received from 49
2022/10/15 14:03:44 [notice] 1#1: signal 17 (SIGCHLD) received from 30
2022/10/15 14:03:44 [notice] 1#1: worker process 30 exited with code 0
2022/10/15 14:03:44 [notice] 1#1: worker process 34 exited with code 0
2022/10/15 14:03:44 [notice] 1#1: worker process 35 exited with code 0
2022/10/15 14:03:44 [notice] 1#1: worker process 39 exited with code 0
2022/10/15 14:03:44 [notice] 1#1: worker process 42 exited with code 0
2022/10/15 14:03:44 [notice] 1#1: worker process 45 exited with code 0
2022/10/15 14:03:44 [notice] 1#1: signal 29 (SIGIO) received
2022/10/15 14:03:44 [notice] 1#1: signal 17 (SIGCHLD) received from 34
2022/10/15 14:03:44 [notice] 1#1: signal 17 (SIGCHLD) received from 48
2022/10/15 14:03:44 [notice] 1#1: worker process 48 exited with code 0
2022/10/15 14:03:44 [notice] 1#1: worker process 44 exited with code 0
2022/10/15 14:03:44 [notice] 1#1: worker process 50 exited with code 0
2022/10/15 14:03:44 [notice] 1#1: worker process 52 exited with code 0
2022/10/15 14:03:44 [notice] 1#1: exit
2022/10/15 14:13:21 [notice] 1#1: using the "epoll" event method
2022/10/15 14:13:21 [notice] 1#1: nginx/1.23.1
2022/10/15 14:13:21 [notice] 1#1: built by gcc 10.2.1 20210110 (Debian 10.2.1-6) 
2022/10/15 14:13:21 [notice] 1#1: OS: Linux 5.15.0-50-generic
2022/10/15 14:13:21 [notice] 1#1: getrlimit(RLIMIT_NOFILE): 1048576:1048576
2022/10/15 14:13:21 [notice] 1#1: start worker processes
2022/10/15 14:13:21 [notice] 1#1: start worker process 30
2022/10/15 14:13:21 [notice] 1#1: start worker process 31
2022/10/15 14:13:21 [notice] 1#1: start worker process 32
2022/10/15 14:13:21 [notice] 1#1: start worker process 33
2022/10/15 14:13:21 [notice] 1#1: start worker process 34
2022/10/15 14:13:21 [notice] 1#1: start worker process 35
2022/10/15 14:13:21 [notice] 1#1: start worker process 36
2022/10/15 14:13:21 [notice] 1#1: start worker process 37
2022/10/15 14:13:21 [notice] 1#1: start worker process 38
2022/10/15 14:13:21 [notice] 1#1: start worker process 39
2022/10/15 14:13:21 [notice] 1#1: start worker process 40
2022/10/15 14:13:21 [notice] 1#1: start worker process 41
2022/10/15 14:13:21 [notice] 1#1: start worker process 42
2022/10/15 14:13:21 [notice] 1#1: start worker process 43
2022/10/15 14:13:21 [notice] 1#1: start worker process 44
2022/10/15 14:13:21 [notice] 1#1: start worker process 45
2022/10/15 14:13:21 [notice] 1#1: start worker process 46
2022/10/15 14:13:21 [notice] 1#1: start worker process 47
2022/10/15 14:13:21 [notice] 1#1: start worker process 48
2022/10/15 14:13:21 [notice] 1#1: start worker process 49
2022/10/15 14:13:21 [notice] 1#1: start worker process 50
2022/10/15 14:13:21 [notice] 1#1: start worker process 51
2022/10/15 14:13:21 [notice] 1#1: start worker process 52
2022/10/15 14:13:21 [notice] 1#1: start worker process 53
2022/10/15 14:13:31 [notice] 1#1: signal 3 (SIGQUIT) received, shutting down
2022/10/15 14:13:31 [notice] 30#30: gracefully shutting down
2022/10/15 14:13:31 [notice] 31#31: gracefully shutting down
2022/10/15 14:13:31 [notice] 34#34: gracefully shutting down
2022/10/15 14:13:31 [notice] 32#32: gracefully shutting down
2022/10/15 14:13:31 [notice] 33#33: gracefully shutting down
2022/10/15 14:13:31 [notice] 35#35: gracefully shutting down
2022/10/15 14:13:31 [notice] 30#30: exiting
2022/10/15 14:13:31 [notice] 36#36: gracefully shutting down
2022/10/15 14:13:31 [notice] 31#31: exiting
2022/10/15 14:13:31 [notice] 38#38: gracefully shutting down
2022/10/15 14:13:31 [notice] 40#40: gracefully shutting down
2022/10/15 14:13:31 [notice] 39#39: gracefully shutting down
2022/10/15 14:13:31 [notice] 34#34: exiting
2022/10/15 14:13:31 [notice] 41#41: gracefully shutting down
2022/10/15 14:13:31 [notice] 42#42: gracefully shutting down
2022/10/15 14:13:31 [notice] 43#43: gracefully shutting down
2022/10/15 14:13:31 [notice] 32#32: exiting
2022/10/15 14:13:31 [notice] 33#33: exiting
2022/10/15 14:13:31 [notice] 37#37: gracefully shutting down
2022/10/15 14:13:31 [notice] 45#45: gracefully shutting down
2022/10/15 14:13:31 [notice] 44#44: gracefully shutting down
2022/10/15 14:13:31 [notice] 46#46: gracefully shutting down
2022/10/15 14:13:31 [notice] 35#35: exiting
2022/10/15 14:13:31 [notice] 47#47: gracefully shutting down
2022/10/15 14:13:31 [notice] 36#36: exiting
2022/10/15 14:13:31 [notice] 48#48: gracefully shutting down
2022/10/15 14:13:31 [notice] 38#38: exiting
2022/10/15 14:13:31 [notice] 52#52: gracefully shutting down
2022/10/15 14:13:31 [notice] 40#40: exiting
2022/10/15 14:13:31 [notice] 50#50: gracefully shutting down
2022/10/15 14:13:31 [notice] 39#39: exiting
2022/10/15 14:13:31 [notice] 30#30: exit
2022/10/15 14:13:31 [notice] 31#31: exit
2022/10/15 14:13:31 [notice] 41#41: exiting
2022/10/15 14:13:31 [notice] 42#42: exiting
2022/10/15 14:13:31 [notice] 34#34: exit
2022/10/15 14:13:31 [notice] 43#43: exiting
2022/10/15 14:13:31 [notice] 37#37: exiting
2022/10/15 14:13:31 [notice] 32#32: exit
2022/10/15 14:13:31 [notice] 45#45: exiting
2022/10/15 14:13:31 [notice] 33#33: exit
2022/10/15 14:13:31 [notice] 44#44: exiting
2022/10/15 14:13:31 [notice] 46#46: exiting
2022/10/15 14:13:31 [notice] 47#47: exiting
2022/10/15 14:13:31 [notice] 35#35: exit
2022/10/15 14:13:31 [notice] 48#48: exiting
2022/10/15 14:13:31 [notice] 52#52: exiting
2022/10/15 14:13:31 [notice] 36#36: exit
2022/10/15 14:13:31 [notice] 50#50: exiting
2022/10/15 14:13:31 [notice] 40#40: exit
2022/10/15 14:13:31 [notice] 38#38: exit
2022/10/15 14:13:31 [notice] 39#39: exit
2022/10/15 14:13:31 [notice] 41#41: exit
2022/10/15 14:13:31 [notice] 42#42: exit
2022/10/15 14:13:31 [notice] 43#43: exit
2022/10/15 14:13:31 [notice] 45#45: exit
2022/10/15 14:13:31 [notice] 37#37: exit
2022/10/15 14:13:31 [notice] 47#47: exit
2022/10/15 14:13:31 [notice] 44#44: exit
2022/10/15 14:13:31 [notice] 46#46: exit
2022/10/15 14:13:31 [notice] 52#52: exit
2022/10/15 14:13:31 [notice] 48#48: exit
2022/10/15 14:13:31 [notice] 50#50: exit
2022/10/15 14:13:31 [notice] 51#51: gracefully shutting down
2022/10/15 14:13:31 [notice] 51#51: exiting
2022/10/15 14:13:31 [notice] 51#51: exit
2022/10/15 14:13:31 [notice] 53#53: gracefully shutting down
2022/10/15 14:13:31 [notice] 49#49: gracefully shutting down
2022/10/15 14:13:31 [notice] 53#53: exiting
2022/10/15 14:13:31 [notice] 49#49: exiting
2022/10/15 14:13:31 [notice] 53#53: exit
2022/10/15 14:13:31 [notice] 49#49: exit
2022/10/15 14:13:31 [notice] 1#1: signal 17 (SIGCHLD) received from 46
2022/10/15 14:13:31 [notice] 1#1: worker process 41 exited with code 0
2022/10/15 14:13:31 [notice] 1#1: worker process 31 exited with code 0
2022/10/15 14:13:31 [notice] 1#1: worker process 46 exited with code 0
2022/10/15 14:13:31 [notice] 1#1: worker process 48 exited with code 0
2022/10/15 14:13:31 [notice] 1#1: worker process 52 exited with code 0
2022/10/15 14:13:31 [notice] 1#1: worker process 53 exited with code 0
2022/10/15 14:13:31 [notice] 1#1: signal 29 (SIGIO) received
2022/10/15 14:13:31 [notice] 1#1: signal 17 (SIGCHLD) received from 48
2022/10/15 14:13:31 [notice] 1#1: signal 17 (SIGCHLD) received from 50
2022/10/15 14:13:31 [notice] 1#1: worker process 50 exited with code 0
2022/10/15 14:13:31 [notice] 1#1: signal 29 (SIGIO) received
2022/10/15 14:13:31 [notice] 1#1: signal 17 (SIGCHLD) received from 30
2022/10/15 14:13:31 [notice] 1#1: worker process 30 exited with code 0
2022/10/15 14:13:31 [notice] 1#1: worker process 40 exited with code 0
2022/10/15 14:13:31 [notice] 1#1: signal 29 (SIGIO) received
2022/10/15 14:13:31 [notice] 1#1: signal 17 (SIGCHLD) received from 40
2022/10/15 14:13:31 [notice] 1#1: signal 17 (SIGCHLD) received from 32
2022/10/15 14:13:31 [notice] 1#1: worker process 32 exited with code 0
2022/10/15 14:13:31 [notice] 1#1: worker process 43 exited with code 0
2022/10/15 14:13:31 [notice] 1#1: worker process 51 exited with code 0
2022/10/15 14:13:31 [notice] 1#1: signal 29 (SIGIO) received
2022/10/15 14:13:31 [notice] 1#1: signal 17 (SIGCHLD) received from 43
2022/10/15 14:13:31 [notice] 1#1: worker process 49 exited with code 0
2022/10/15 14:13:31 [notice] 1#1: signal 29 (SIGIO) received
2022/10/15 14:13:31 [notice] 1#1: signal 17 (SIGCHLD) received from 47
2022/10/15 14:13:31 [notice] 1#1: worker process 47 exited with code 0
2022/10/15 14:13:31 [notice] 1#1: signal 29 (SIGIO) received
2022/10/15 14:13:31 [notice] 1#1: signal 17 (SIGCHLD) received from 44
2022/10/15 14:13:31 [notice] 1#1: worker process 44 exited with code 0
2022/10/15 14:13:31 [notice] 1#1: signal 29 (SIGIO) received
2022/10/15 14:13:31 [notice] 1#1: signal 17 (SIGCHLD) received from 42
2022/10/15 14:13:31 [notice] 1#1: worker process 34 exited with code 0
2022/10/15 14:13:31 [notice] 1#1: worker process 35 exited with code 0
2022/10/15 14:13:31 [notice] 1#1: worker process 38 exited with code 0
2022/10/15 14:13:31 [notice] 1#1: worker process 42 exited with code 0
2022/10/15 14:13:31 [notice] 1#1: signal 29 (SIGIO) received
2022/10/15 14:13:31 [notice] 1#1: signal 17 (SIGCHLD) received from 33
2022/10/15 14:13:31 [notice] 1#1: worker process 33 exited with code 0
2022/10/15 14:13:31 [notice] 1#1: worker process 45 exited with code 0
2022/10/15 14:13:31 [notice] 1#1: signal 29 (SIGIO) received
2022/10/15 14:13:31 [notice] 1#1: signal 17 (SIGCHLD) received from 45
2022/10/15 14:13:31 [notice] 1#1: signal 17 (SIGCHLD) received from 39
2022/10/15 14:13:31 [notice] 1#1: worker process 39 exited with code 0
2022/10/15 14:13:31 [notice] 1#1: signal 29 (SIGIO) received
2022/10/15 14:13:31 [notice] 1#1: signal 17 (SIGCHLD) received from 36
2022/10/15 14:13:31 [notice] 1#1: worker process 36 exited with code 0
2022/10/15 14:13:31 [notice] 1#1: signal 29 (SIGIO) received
2022/10/15 14:13:31 [notice] 1#1: signal 17 (SIGCHLD) received from 37
2022/10/15 14:13:31 [notice] 1#1: worker process 37 exited with code 0
2022/10/15 14:13:31 [notice] 1#1: exit
2022/10/15 14:15:56 [notice] 1#1: using the "epoll" event method
2022/10/15 14:15:56 [notice] 1#1: nginx/1.23.1
2022/10/15 14:15:56 [notice] 1#1: built by gcc 10.2.1 20210110 (Debian 10.2.1-6) 
2022/10/15 14:15:56 [notice] 1#1: OS: Linux 5.15.0-50-generic
2022/10/15 14:15:56 [notice] 1#1: getrlimit(RLIMIT_NOFILE): 1048576:1048576
2022/10/15 14:15:56 [notice] 1#1: start worker processes
2022/10/15 14:15:56 [notice] 1#1: start worker process 30
2022/10/15 14:15:56 [notice] 1#1: start worker process 31
2022/10/15 14:15:56 [notice] 1#1: start worker process 32
2022/10/15 14:15:56 [notice] 1#1: start worker process 33
2022/10/15 14:15:56 [notice] 1#1: start worker process 34
2022/10/15 14:15:56 [notice] 1#1: start worker process 35
2022/10/15 14:15:56 [notice] 1#1: start worker process 36
2022/10/15 14:15:56 [notice] 1#1: start worker process 37
2022/10/15 14:15:56 [notice] 1#1: start worker process 38
2022/10/15 14:15:56 [notice] 1#1: start worker process 39
2022/10/15 14:15:56 [notice] 1#1: start worker process 40
2022/10/15 14:15:56 [notice] 1#1: start worker process 41
2022/10/15 14:15:56 [notice] 1#1: start worker process 42
2022/10/15 14:15:56 [notice] 1#1: start worker process 43
2022/10/15 14:15:56 [notice] 1#1: start worker process 44
2022/10/15 14:15:56 [notice] 1#1: start worker process 45
2022/10/15 14:15:56 [notice] 1#1: start worker process 46
2022/10/15 14:15:56 [notice] 1#1: start worker process 47
2022/10/15 14:15:56 [notice] 1#1: start worker process 48
2022/10/15 14:15:56 [notice] 1#1: start worker process 49
2022/10/15 14:15:56 [notice] 1#1: start worker process 50
2022/10/15 14:15:56 [notice] 1#1: start worker process 51
2022/10/15 14:15:56 [notice] 1#1: start worker process 52
2022/10/15 14:15:56 [notice] 1#1: start worker process 53
2022/10/15 14:15:58 [notice] 1#1: signal 3 (SIGQUIT) received, shutting down
2022/10/15 14:15:58 [notice] 30#30: gracefully shutting down
2022/10/15 14:15:58 [notice] 31#31: gracefully shutting down
2022/10/15 14:15:58 [notice] 32#32: gracefully shutting down
2022/10/15 14:15:58 [notice] 33#33: gracefully shutting down
2022/10/15 14:15:58 [notice] 34#34: gracefully shutting down
2022/10/15 14:15:58 [notice] 37#37: gracefully shutting down
2022/10/15 14:15:58 [notice] 35#35: gracefully shutting down
2022/10/15 14:15:58 [notice] 36#36: gracefully shutting down
2022/10/15 14:15:58 [notice] 30#30: exiting
2022/10/15 14:15:58 [notice] 31#31: exiting
2022/10/15 14:15:58 [notice] 40#40: gracefully shutting down
2022/10/15 14:15:58 [notice] 41#41: gracefully shutting down
2022/10/15 14:15:58 [notice] 32#32: exiting
2022/10/15 14:15:58 [notice] 42#42: gracefully shutting down
2022/10/15 14:15:58 [notice] 33#33: exiting
2022/10/15 14:15:58 [notice] 43#43: gracefully shutting down
2022/10/15 14:15:58 [notice] 34#34: exiting
2022/10/15 14:15:58 [notice] 48#48: gracefully shutting down
2022/10/15 14:15:58 [notice] 46#46: gracefully shutting down
2022/10/15 14:15:58 [notice] 49#49: gracefully shutting down
2022/10/15 14:15:58 [notice] 37#37: exiting
2022/10/15 14:15:58 [notice] 50#50: gracefully shutting down
2022/10/15 14:15:58 [notice] 51#51: gracefully shutting down
2022/10/15 14:15:58 [notice] 35#35: exiting
2022/10/15 14:15:58 [notice] 52#52: gracefully shutting down
2022/10/15 14:15:58 [notice] 36#36: exiting
2022/10/15 14:15:58 [notice] 40#40: exiting
2022/10/15 14:15:58 [notice] 41#41: exiting
2022/10/15 14:15:58 [notice] 30#30: exit
2022/10/15 14:15:58 [notice] 31#31: exit
2022/10/15 14:15:58 [notice] 42#42: exiting
2022/10/15 14:15:58 [notice] 53#53: gracefully shutting down
2022/10/15 14:15:58 [notice] 32#32: exit
2022/10/15 14:15:58 [notice] 43#43: exiting
2022/10/15 14:15:58 [notice] 33#33: exit
2022/10/15 14:15:58 [notice] 48#48: exiting
2022/10/15 14:15:58 [notice] 46#46: exiting
2022/10/15 14:15:58 [notice] 34#34: exit
2022/10/15 14:15:58 [notice] 49#49: exiting
2022/10/15 14:15:58 [notice] 50#50: exiting
2022/10/15 14:15:58 [notice] 51#51: exiting
2022/10/15 14:15:58 [notice] 37#37: exit
2022/10/15 14:15:58 [notice] 52#52: exiting
2022/10/15 14:15:58 [notice] 35#35: exit
2022/10/15 14:15:58 [notice] 40#40: exit
2022/10/15 14:15:58 [notice] 41#41: exit
2022/10/15 14:15:58 [notice] 36#36: exit
2022/10/15 14:15:58 [notice] 53#53: exiting
2022/10/15 14:15:58 [notice] 42#42: exit
2022/10/15 14:15:58 [notice] 43#43: exit
2022/10/15 14:15:58 [notice] 48#48: exit
2022/10/15 14:15:58 [notice] 46#46: exit
2022/10/15 14:15:58 [notice] 49#49: exit
2022/10/15 14:15:58 [notice] 51#51: exit
2022/10/15 14:15:58 [notice] 52#52: exit
2022/10/15 14:15:58 [notice] 50#50: exit
2022/10/15 14:15:58 [notice] 53#53: exit
2022/10/15 14:15:58 [notice] 45#45: gracefully shutting down
2022/10/15 14:15:58 [notice] 45#45: exiting
2022/10/15 14:15:58 [notice] 39#39: gracefully shutting down
2022/10/15 14:15:58 [notice] 45#45: exit
2022/10/15 14:15:58 [notice] 47#47: gracefully shutting down
2022/10/15 14:15:58 [notice] 39#39: exiting
2022/10/15 14:15:58 [notice] 44#44: gracefully shutting down
2022/10/15 14:15:58 [notice] 47#47: exiting
2022/10/15 14:15:58 [notice] 39#39: exit
2022/10/15 14:15:58 [notice] 44#44: exiting
2022/10/15 14:15:58 [notice] 44#44: exit
2022/10/15 14:15:58 [notice] 47#47: exit
2022/10/15 14:15:58 [notice] 38#38: gracefully shutting down
2022/10/15 14:15:58 [notice] 38#38: exiting
2022/10/15 14:15:58 [notice] 38#38: exit
2022/10/15 14:15:58 [notice] 1#1: signal 17 (SIGCHLD) received from 51
2022/10/15 14:15:58 [notice] 1#1: worker process 39 exited with code 0
2022/10/15 14:15:58 [notice] 1#1: worker process 35 exited with code 0
2022/10/15 14:15:58 [notice] 1#1: worker process 40 exited with code 0
2022/10/15 14:15:58 [notice] 1#1: worker process 44 exited with code 0
2022/10/15 14:15:58 [notice] 1#1: worker process 51 exited with code 0
2022/10/15 14:15:58 [notice] 1#1: signal 29 (SIGIO) received
2022/10/15 14:15:58 [notice] 1#1: signal 17 (SIGCHLD) received from 44
2022/10/15 14:15:58 [notice] 1#1: signal 17 (SIGCHLD) received from 30
2022/10/15 14:15:58 [notice] 1#1: worker process 30 exited with code 0
2022/10/15 14:15:58 [notice] 1#1: signal 29 (SIGIO) received
2022/10/15 14:15:58 [notice] 1#1: signal 17 (SIGCHLD) received from 53
2022/10/15 14:15:58 [notice] 1#1: worker process 53 exited with code 0
2022/10/15 14:15:58 [notice] 1#1: signal 29 (SIGIO) received
2022/10/15 14:15:58 [notice] 1#1: signal 17 (SIGCHLD) received from 52
2022/10/15 14:15:58 [notice] 1#1: worker process 52 exited with code 0
2022/10/15 14:15:58 [notice] 1#1: worker process 38 exited with code 0
2022/10/15 14:15:58 [notice] 1#1: signal 29 (SIGIO) received
2022/10/15 14:15:58 [notice] 1#1: signal 17 (SIGCHLD) received from 38
2022/10/15 14:15:58 [notice] 1#1: signal 17 (SIGCHLD) received from 31
2022/10/15 14:15:58 [notice] 1#1: worker process 31 exited with code 0
2022/10/15 14:15:58 [notice] 1#1: worker process 33 exited with code 0
2022/10/15 14:15:58 [notice] 1#1: worker process 36 exited with code 0
2022/10/15 14:15:58 [notice] 1#1: worker process 37 exited with code 0
2022/10/15 14:15:58 [notice] 1#1: worker process 43 exited with code 0
2022/10/15 14:15:58 [notice] 1#1: signal 29 (SIGIO) received
2022/10/15 14:15:58 [notice] 1#1: signal 17 (SIGCHLD) received from 33
2022/10/15 14:15:58 [notice] 1#1: signal 17 (SIGCHLD) received from 49
2022/10/15 14:15:58 [notice] 1#1: worker process 45 exited with code 0
2022/10/15 14:15:58 [notice] 1#1: worker process 49 exited with code 0
2022/10/15 14:15:58 [notice] 1#1: signal 29 (SIGIO) received
2022/10/15 14:15:58 [notice] 1#1: signal 17 (SIGCHLD) received from 45
2022/10/15 14:15:58 [notice] 1#1: signal 17 (SIGCHLD) received from 42
2022/10/15 14:15:58 [notice] 1#1: worker process 42 exited with code 0
2022/10/15 14:15:58 [notice] 1#1: signal 29 (SIGIO) received
2022/10/15 14:15:58 [notice] 1#1: signal 17 (SIGCHLD) received from 48
2022/10/15 14:15:58 [notice] 1#1: worker process 48 exited with code 0
2022/10/15 14:15:58 [notice] 1#1: signal 29 (SIGIO) received
2022/10/15 14:15:58 [notice] 1#1: signal 17 (SIGCHLD) received from 41
2022/10/15 14:15:58 [notice] 1#1: worker process 41 exited with code 0
2022/10/15 14:15:58 [notice] 1#1: signal 29 (SIGIO) received
2022/10/15 14:15:58 [notice] 1#1: signal 17 (SIGCHLD) received from 46
2022/10/15 14:15:58 [notice] 1#1: worker process 46 exited with code 0
2022/10/15 14:15:58 [notice] 1#1: signal 29 (SIGIO) received
2022/10/15 14:15:58 [notice] 1#1: signal 17 (SIGCHLD) received from 34
2022/10/15 14:15:58 [notice] 1#1: worker process 34 exited with code 0
2022/10/15 14:15:58 [notice] 1#1: signal 29 (SIGIO) received
2022/10/15 14:15:58 [notice] 1#1: signal 17 (SIGCHLD) received from 47
2022/10/15 14:15:58 [notice] 1#1: worker process 47 exited with code 0
2022/10/15 14:15:58 [notice] 1#1: worker process 50 exited with code 0
2022/10/15 14:15:58 [notice] 1#1: signal 29 (SIGIO) received
2022/10/15 14:15:58 [notice] 1#1: signal 17 (SIGCHLD) received from 32
2022/10/15 14:15:58 [notice] 1#1: worker process 32 exited with code 0
2022/10/15 14:15:58 [notice] 1#1: exit
2022/10/15 14:16:17 [notice] 1#1: using the "epoll" event method
2022/10/15 14:16:17 [notice] 1#1: nginx/1.23.1
2022/10/15 14:16:17 [notice] 1#1: built by gcc 10.2.1 20210110 (Debian 10.2.1-6) 
2022/10/15 14:16:17 [notice] 1#1: OS: Linux 5.15.0-50-generic
2022/10/15 14:16:17 [notice] 1#1: getrlimit(RLIMIT_NOFILE): 1048576:1048576
2022/10/15 14:16:17 [notice] 1#1: start worker processes
2022/10/15 14:16:17 [notice] 1#1: start worker process 30
2022/10/15 14:16:17 [notice] 1#1: start worker process 31
2022/10/15 14:16:17 [notice] 1#1: start worker process 32
2022/10/15 14:16:17 [notice] 1#1: start worker process 33
2022/10/15 14:16:17 [notice] 1#1: start worker process 34
2022/10/15 14:16:17 [notice] 1#1: start worker process 35
2022/10/15 14:16:17 [notice] 1#1: start worker process 36
2022/10/15 14:16:17 [notice] 1#1: start worker process 37
2022/10/15 14:16:17 [notice] 1#1: start worker process 38
2022/10/15 14:16:17 [notice] 1#1: start worker process 39
2022/10/15 14:16:17 [notice] 1#1: start worker process 40
2022/10/15 14:16:17 [notice] 1#1: start worker process 41
2022/10/15 14:16:17 [notice] 1#1: start worker process 42
2022/10/15 14:16:17 [notice] 1#1: start worker process 43
2022/10/15 14:16:17 [notice] 1#1: start worker process 44
2022/10/15 14:16:17 [notice] 1#1: start worker process 45
2022/10/15 14:16:17 [notice] 1#1: start worker process 46
2022/10/15 14:16:17 [notice] 1#1: start worker process 47
2022/10/15 14:16:17 [notice] 1#1: start worker process 48
2022/10/15 14:16:17 [notice] 1#1: start worker process 49
2022/10/15 14:16:17 [notice] 1#1: start worker process 50
2022/10/15 14:16:17 [notice] 1#1: start worker process 51
2022/10/15 14:16:17 [notice] 1#1: start worker process 52
2022/10/15 14:16:17 [notice] 1#1: start worker process 53
2022/10/15 14:17:49 [notice] 1#1: signal 3 (SIGQUIT) received, shutting down
2022/10/15 14:17:49 [notice] 30#30: gracefully shutting down
2022/10/15 14:17:49 [notice] 31#31: gracefully shutting down
2022/10/15 14:17:49 [notice] 32#32: gracefully shutting down
2022/10/15 14:17:49 [notice] 30#30: exiting
2022/10/15 14:17:49 [notice] 33#33: gracefully shutting down
2022/10/15 14:17:49 [notice] 34#34: gracefully shutting down
2022/10/15 14:17:49 [notice] 31#31: exiting
2022/10/15 14:17:49 [notice] 32#32: exiting
2022/10/15 14:17:49 [notice] 36#36: gracefully shutting down
2022/10/15 14:17:49 [notice] 35#35: gracefully shutting down
2022/10/15 14:17:49 [notice] 37#37: gracefully shutting down
2022/10/15 14:17:49 [notice] 38#38: gracefully shutting down
2022/10/15 14:17:49 [notice] 39#39: gracefully shutting down
2022/10/15 14:17:49 [notice] 33#33: exiting
2022/10/15 14:17:49 [notice] 40#40: gracefully shutting down
2022/10/15 14:17:49 [notice] 41#41: gracefully shutting down
2022/10/15 14:17:49 [notice] 34#34: exiting
2022/10/15 14:17:49 [notice] 42#42: gracefully shutting down
2022/10/15 14:17:49 [notice] 30#30: exit
2022/10/15 14:17:49 [notice] 44#44: gracefully shutting down
2022/10/15 14:17:49 [notice] 43#43: gracefully shutting down
2022/10/15 14:17:49 [notice] 45#45: gracefully shutting down
2022/10/15 14:17:49 [notice] 36#36: exiting
2022/10/15 14:17:49 [notice] 32#32: exit
2022/10/15 14:17:49 [notice] 48#48: gracefully shutting down
2022/10/15 14:17:49 [notice] 46#46: gracefully shutting down
2022/10/15 14:17:49 [notice] 47#47: gracefully shutting down
2022/10/15 14:17:49 [notice] 31#31: exit
2022/10/15 14:17:49 [notice] 35#35: exiting
2022/10/15 14:17:49 [notice] 49#49: gracefully shutting down
2022/10/15 14:17:49 [notice] 50#50: gracefully shutting down
2022/10/15 14:17:49 [notice] 37#37: exiting
2022/10/15 14:17:49 [notice] 51#51: gracefully shutting down
2022/10/15 14:17:49 [notice] 52#52: gracefully shutting down
2022/10/15 14:17:49 [notice] 38#38: exiting
2022/10/15 14:17:49 [notice] 39#39: exiting
2022/10/15 14:17:49 [notice] 40#40: exiting
2022/10/15 14:17:49 [notice] 41#41: exiting
2022/10/15 14:17:49 [notice] 33#33: exit
2022/10/15 14:17:49 [notice] 42#42: exiting
2022/10/15 14:17:49 [notice] 44#44: exiting
2022/10/15 14:17:49 [notice] 34#34: exit
2022/10/15 14:17:49 [notice] 43#43: exiting
2022/10/15 14:17:49 [notice] 35#35: exit
2022/10/15 14:17:49 [notice] 45#45: exiting
2022/10/15 14:17:49 [notice] 48#48: exiting
2022/10/15 14:17:49 [notice] 46#46: exiting
2022/10/15 14:17:49 [notice] 36#36: exit
2022/10/15 14:17:49 [notice] 47#47: exiting
2022/10/15 14:17:49 [notice] 49#49: exiting
2022/10/15 14:17:49 [notice] 50#50: exiting
2022/10/15 14:17:49 [notice] 51#51: exiting
2022/10/15 14:17:49 [notice] 52#52: exiting
2022/10/15 14:17:49 [notice] 37#37: exit
2022/10/15 14:17:49 [notice] 38#38: exit
2022/10/15 14:17:49 [notice] 39#39: exit
2022/10/15 14:17:49 [notice] 40#40: exit
2022/10/15 14:17:49 [notice] 41#41: exit
2022/10/15 14:17:49 [notice] 44#44: exit
2022/10/15 14:17:49 [notice] 42#42: exit
2022/10/15 14:17:49 [notice] 48#48: exit
2022/10/15 14:17:49 [notice] 45#45: exit
2022/10/15 14:17:49 [notice] 43#43: exit
2022/10/15 14:17:49 [notice] 46#46: exit
2022/10/15 14:17:49 [notice] 49#49: exit
2022/10/15 14:17:49 [notice] 47#47: exit
2022/10/15 14:17:49 [notice] 50#50: exit
2022/10/15 14:17:49 [notice] 51#51: exit
2022/10/15 14:17:49 [notice] 52#52: exit
2022/10/15 14:17:49 [notice] 53#53: gracefully shutting down
2022/10/15 14:17:49 [notice] 53#53: exiting
2022/10/15 14:17:49 [notice] 53#53: exit
2022/10/15 14:17:49 [notice] 1#1: signal 17 (SIGCHLD) received from 48
2022/10/15 14:17:49 [notice] 1#1: worker process 41 exited with code 0
2022/10/15 14:17:49 [notice] 1#1: worker process 42 exited with code 0
2022/10/15 14:17:49 [notice] 1#1: worker process 48 exited with code 0
2022/10/15 14:17:49 [notice] 1#1: signal 29 (SIGIO) received
2022/10/15 14:17:49 [notice] 1#1: signal 17 (SIGCHLD) received from 42
2022/10/15 14:17:49 [notice] 1#1: signal 17 (SIGCHLD) received from 53
2022/10/15 14:17:49 [notice] 1#1: worker process 44 exited with code 0
2022/10/15 14:17:49 [notice] 1#1: worker process 39 exited with code 0
2022/10/15 14:17:49 [notice] 1#1: worker process 50 exited with code 0
2022/10/15 14:17:49 [notice] 1#1: worker process 52 exited with code 0
2022/10/15 14:17:49 [notice] 1#1: worker process 53 exited with code 0
2022/10/15 14:17:49 [notice] 1#1: signal 29 (SIGIO) received
2022/10/15 14:17:49 [notice] 1#1: signal 17 (SIGCHLD) received from 50
2022/10/15 14:17:49 [notice] 1#1: signal 17 (SIGCHLD) received from 33
2022/10/15 14:17:49 [notice] 1#1: worker process 33 exited with code 0
2022/10/15 14:17:49 [notice] 1#1: signal 29 (SIGIO) received
2022/10/15 14:17:49 [notice] 1#1: signal 17 (SIGCHLD) received from 31
2022/10/15 14:17:49 [notice] 1#1: worker process 31 exited with code 0
2022/10/15 14:17:49 [notice] 1#1: worker process 38 exited with code 0
2022/10/15 14:17:49 [notice] 1#1: worker process 43 exited with code 0
2022/10/15 14:17:49 [notice] 1#1: worker process 46 exited with code 0
2022/10/15 14:17:49 [notice] 1#1: worker process 49 exited with code 0
2022/10/15 14:17:49 [notice] 1#1: signal 29 (SIGIO) received
2022/10/15 14:17:49 [notice] 1#1: signal 17 (SIGCHLD) received from 43
2022/10/15 14:17:49 [notice] 1#1: signal 17 (SIGCHLD) received from 37
2022/10/15 14:17:49 [notice] 1#1: worker process 37 exited with code 0
2022/10/15 14:17:49 [notice] 1#1: worker process 34 exited with code 0
2022/10/15 14:17:49 [notice] 1#1: signal 29 (SIGIO) received
2022/10/15 14:17:49 [notice] 1#1: signal 17 (SIGCHLD) received from 34
2022/10/15 14:17:49 [notice] 1#1: signal 17 (SIGCHLD) received from 51
2022/10/15 14:17:49 [notice] 1#1: worker process 51 exited with code 0
2022/10/15 14:17:49 [notice] 1#1: worker process 36 exited with code 0
2022/10/15 14:17:49 [notice] 1#1: worker process 45 exited with code 0
2022/10/15 14:17:49 [notice] 1#1: signal 29 (SIGIO) received
2022/10/15 14:17:49 [notice] 1#1: signal 17 (SIGCHLD) received from 36
2022/10/15 14:17:49 [notice] 1#1: worker process 30 exited with code 0
2022/10/15 14:17:49 [notice] 1#1: worker process 32 exited with code 0
2022/10/15 14:17:49 [notice] 1#1: worker process 40 exited with code 0
2022/10/15 14:17:49 [notice] 1#1: worker process 47 exited with code 0
2022/10/15 14:17:49 [notice] 1#1: signal 29 (SIGIO) received
2022/10/15 14:17:49 [notice] 1#1: signal 17 (SIGCHLD) received from 35
2022/10/15 14:17:49 [notice] 1#1: worker process 35 exited with code 0
2022/10/15 14:17:49 [notice] 1#1: exit
2022/10/15 14:25:19 [notice] 1#1: using the "epoll" event method
2022/10/15 14:25:19 [notice] 1#1: nginx/1.23.1
2022/10/15 14:25:19 [notice] 1#1: built by gcc 10.2.1 20210110 (Debian 10.2.1-6) 
2022/10/15 14:25:19 [notice] 1#1: OS: Linux 5.15.0-50-generic
2022/10/15 14:25:19 [notice] 1#1: getrlimit(RLIMIT_NOFILE): 1048576:1048576
2022/10/15 14:25:19 [notice] 1#1: start worker processes
2022/10/15 14:25:19 [notice] 1#1: start worker process 30
2022/10/15 14:25:19 [notice] 1#1: start worker process 31
2022/10/15 14:25:19 [notice] 1#1: start worker process 32
2022/10/15 14:25:19 [notice] 1#1: start worker process 33
2022/10/15 14:25:19 [notice] 1#1: start worker process 34
2022/10/15 14:25:19 [notice] 1#1: start worker process 35
2022/10/15 14:25:19 [notice] 1#1: start worker process 36
2022/10/15 14:25:19 [notice] 1#1: start worker process 37
2022/10/15 14:25:19 [notice] 1#1: start worker process 38
2022/10/15 14:25:19 [notice] 1#1: start worker process 39
2022/10/15 14:25:19 [notice] 1#1: start worker process 40
2022/10/15 14:25:19 [notice] 1#1: start worker process 41
2022/10/15 14:25:19 [notice] 1#1: start worker process 42
2022/10/15 14:25:19 [notice] 1#1: start worker process 43
2022/10/15 14:25:19 [notice] 1#1: start worker process 44
2022/10/15 14:25:19 [notice] 1#1: start worker process 45
2022/10/15 14:25:19 [notice] 1#1: start worker process 46
2022/10/15 14:25:19 [notice] 1#1: start worker process 47
2022/10/15 14:25:19 [notice] 1#1: start worker process 48
2022/10/15 14:25:19 [notice] 1#1: start worker process 49
2022/10/15 14:25:19 [notice] 1#1: start worker process 50
2022/10/15 14:25:19 [notice] 1#1: start worker process 51
2022/10/15 14:25:19 [notice] 1#1: start worker process 52
2022/10/15 14:25:19 [notice] 1#1: start worker process 53
2022/10/15 14:27:49 [notice] 1#1: signal 3 (SIGQUIT) received, shutting down
2022/10/15 14:27:49 [notice] 31#31: gracefully shutting down
2022/10/15 14:27:49 [notice] 32#32: gracefully shutting down
2022/10/15 14:27:49 [notice] 30#30: gracefully shutting down
2022/10/15 14:27:49 [notice] 35#35: gracefully shutting down
2022/10/15 14:27:49 [notice] 31#31: exiting
2022/10/15 14:27:49 [notice] 36#36: gracefully shutting down
2022/10/15 14:27:49 [notice] 38#38: gracefully shutting down
2022/10/15 14:27:49 [notice] 37#37: gracefully shutting down
2022/10/15 14:27:49 [notice] 39#39: gracefully shutting down
2022/10/15 14:27:49 [notice] 40#40: gracefully shutting down
2022/10/15 14:27:49 [notice] 34#34: gracefully shutting down
2022/10/15 14:27:49 [notice] 33#33: gracefully shutting down
2022/10/15 14:27:49 [notice] 35#35: exiting
2022/10/15 14:27:49 [notice] 42#42: gracefully shutting down
2022/10/15 14:27:49 [notice] 41#41: gracefully shutting down
2022/10/15 14:27:49 [notice] 43#43: gracefully shutting down
2022/10/15 14:27:49 [notice] 44#44: gracefully shutting down
2022/10/15 14:27:49 [notice] 46#46: gracefully shutting down
2022/10/15 14:27:49 [notice] 36#36: exiting
2022/10/15 14:27:49 [notice] 45#45: gracefully shutting down
2022/10/15 14:27:49 [notice] 47#47: gracefully shutting down
2022/10/15 14:27:49 [notice] 49#49: gracefully shutting down
2022/10/15 14:27:49 [notice] 48#48: gracefully shutting down
2022/10/15 14:27:49 [notice] 38#38: exiting
2022/10/15 14:27:49 [notice] 37#37: exiting
2022/10/15 14:27:49 [notice] 31#31: exit
2022/10/15 14:27:49 [notice] 50#50: gracefully shutting down
2022/10/15 14:27:49 [notice] 39#39: exiting
2022/10/15 14:27:49 [notice] 40#40: exiting
2022/10/15 14:27:49 [notice] 34#34: exiting
2022/10/15 14:27:49 [notice] 33#33: exiting
2022/10/15 14:27:49 [notice] 30#30: exiting
2022/10/15 14:27:49 [notice] 42#42: exiting
2022/10/15 14:27:49 [notice] 35#35: exit
2022/10/15 14:27:49 [notice] 41#41: exiting
2022/10/15 14:27:49 [notice] 43#43: exiting
2022/10/15 14:27:49 [notice] 44#44: exiting
2022/10/15 14:27:49 [notice] 46#46: exiting
2022/10/15 14:27:49 [notice] 45#45: exiting
2022/10/15 14:27:49 [notice] 47#47: exiting
2022/10/15 14:27:49 [notice] 36#36: exit
2022/10/15 14:27:49 [notice] 49#49: exiting
2022/10/15 14:27:49 [notice] 48#48: exiting
2022/10/15 14:27:49 [notice] 50#50: exiting
2022/10/15 14:27:49 [notice] 39#39: exit
2022/10/15 14:27:49 [notice] 37#37: exit
2022/10/15 14:27:49 [notice] 40#40: exit
2022/10/15 14:27:49 [notice] 38#38: exit
2022/10/15 14:27:49 [notice] 34#34: exit
2022/10/15 14:27:49 [notice] 42#42: exit
2022/10/15 14:27:49 [notice] 33#33: exit
2022/10/15 14:27:49 [notice] 30#30: exit
2022/10/15 14:27:49 [notice] 46#46: exit
2022/10/15 14:27:49 [notice] 41#41: exit
2022/10/15 14:27:49 [notice] 44#44: exit
2022/10/15 14:27:49 [notice] 43#43: exit
2022/10/15 14:27:49 [notice] 47#47: exit
2022/10/15 14:27:49 [notice] 50#50: exit
2022/10/15 14:27:49 [notice] 45#45: exit
2022/10/15 14:27:49 [notice] 49#49: exit
2022/10/15 14:27:49 [notice] 48#48: exit
2022/10/15 14:27:49 [notice] 52#52: gracefully shutting down
2022/10/15 14:27:49 [notice] 52#52: exiting
2022/10/15 14:27:49 [notice] 52#52: exit
2022/10/15 14:27:49 [notice] 53#53: gracefully shutting down
2022/10/15 14:27:49 [notice] 53#53: exiting
2022/10/15 14:27:49 [notice] 53#53: exit
2022/10/15 14:27:49 [notice] 51#51: gracefully shutting down
2022/10/15 14:27:49 [notice] 51#51: exiting
2022/10/15 14:27:49 [notice] 51#51: exit
2022/10/15 14:27:49 [notice] 1#1: signal 17 (SIGCHLD) received from 50
2022/10/15 14:27:49 [notice] 1#1: worker process 38 exited with code 0
2022/10/15 14:27:49 [notice] 1#1: worker process 50 exited with code 0
2022/10/15 14:27:49 [notice] 1#1: signal 29 (SIGIO) received
2022/10/15 14:27:49 [notice] 1#1: signal 17 (SIGCHLD) received from 30
2022/10/15 14:27:49 [notice] 1#1: worker process 30 exited with code 0
2022/10/15 14:27:49 [notice] 1#1: signal 29 (SIGIO) received
2022/10/15 14:27:49 [notice] 1#1: signal 17 (SIGCHLD) received from 35
2022/10/15 14:27:49 [notice] 1#1: worker process 35 exited with code 0
2022/10/15 14:27:49 [notice] 1#1: worker process 49 exited with code 0
2022/10/15 14:27:49 [notice] 1#1: signal 29 (SIGIO) received
2022/10/15 14:27:49 [notice] 1#1: signal 17 (SIGCHLD) received from 49
2022/10/15 14:27:49 [notice] 1#1: signal 17 (SIGCHLD) received from 48
2022/10/15 14:27:49 [notice] 1#1: worker process 47 exited with code 0
2022/10/15 14:27:49 [notice] 1#1: worker process 33 exited with code 0
2022/10/15 14:27:49 [notice] 1#1: worker process 36 exited with code 0
2022/10/15 14:27:49 [notice] 1#1: worker process 44 exited with code 0
2022/10/15 14:27:49 [notice] 1#1: worker process 48 exited with code 0
2022/10/15 14:27:49 [notice] 1#1: signal 29 (SIGIO) received
2022/10/15 14:27:49 [notice] 1#1: signal 17 (SIGCHLD) received from 44
2022/10/15 14:27:49 [notice] 1#1: signal 17 (SIGCHLD) received from 40
2022/10/15 14:27:49 [notice] 1#1: worker process 40 exited with code 0
2022/10/15 14:27:49 [notice] 1#1: signal 29 (SIGIO) received
2022/10/15 14:27:49 [notice] 1#1: signal 17 (SIGCHLD) received from 34
2022/10/15 14:27:49 [notice] 1#1: worker process 34 exited with code 0
2022/10/15 14:27:49 [notice] 1#1: signal 29 (SIGIO) received
2022/10/15 14:27:49 [notice] 1#1: signal 17 (SIGCHLD) received from 45
2022/10/15 14:27:49 [notice] 1#1: worker process 45 exited with code 0
2022/10/15 14:27:49 [notice] 1#1: signal 29 (SIGIO) received
2022/10/15 14:27:49 [notice] 1#1: signal 17 (SIGCHLD) received from 43
2022/10/15 14:27:49 [notice] 1#1: worker process 39 exited with code 0
2022/10/15 14:27:49 [notice] 1#1: worker process 43 exited with code 0
2022/10/15 14:27:49 [notice] 1#1: worker process 53 exited with code 0
2022/10/15 14:27:49 [notice] 1#1: signal 29 (SIGIO) received
2022/10/15 14:27:49 [notice] 1#1: signal 17 (SIGCHLD) received from 53
2022/10/15 14:27:49 [notice] 1#1: signal 17 (SIGCHLD) received from 31
2022/10/15 14:27:49 [notice] 1#1: worker process 31 exited with code 0
2022/10/15 14:27:49 [notice] 1#1: worker process 37 exited with code 0
2022/10/15 14:27:49 [notice] 1#1: signal 29 (SIGIO) received
2022/10/15 14:27:49 [notice] 1#1: signal 17 (SIGCHLD) received from 37
2022/10/15 14:27:49 [notice] 1#1: signal 17 (SIGCHLD) received from 42
2022/10/15 14:27:49 [notice] 1#1: worker process 42 exited with code 0
2022/10/15 14:27:49 [notice] 1#1: worker process 46 exited with code 0
2022/10/15 14:27:49 [notice] 1#1: worker process 51 exited with code 0
2022/10/15 14:27:49 [notice] 1#1: signal 29 (SIGIO) received
2022/10/15 14:27:49 [notice] 1#1: signal 17 (SIGCHLD) received from 46
2022/10/15 14:27:49 [notice] 1#1: signal 17 (SIGCHLD) received from 52
2022/10/15 14:27:49 [notice] 1#1: worker process 52 exited with code 0
2022/10/15 14:27:49 [notice] 1#1: signal 29 (SIGIO) received
2022/10/15 14:27:49 [notice] 1#1: signal 17 (SIGCHLD) received from 41
2022/10/15 14:27:49 [notice] 1#1: worker process 41 exited with code 0
2022/10/15 14:27:49 [notice] 1#1: signal 29 (SIGIO) received
2022/10/15 14:28:01 [notice] 1#1: using the "epoll" event method
2022/10/15 14:28:01 [notice] 1#1: nginx/1.23.1
2022/10/15 14:28:01 [notice] 1#1: built by gcc 10.2.1 20210110 (Debian 10.2.1-6) 
2022/10/15 14:28:01 [notice] 1#1: OS: Linux 5.15.0-50-generic
2022/10/15 14:28:01 [notice] 1#1: getrlimit(RLIMIT_NOFILE): 1048576:1048576
2022/10/15 14:28:01 [notice] 1#1: start worker processes
2022/10/15 14:28:01 [notice] 1#1: start worker process 30
2022/10/15 14:28:01 [notice] 1#1: start worker process 31
2022/10/15 14:28:01 [notice] 1#1: start worker process 32
2022/10/15 14:28:01 [notice] 1#1: start worker process 33
2022/10/15 14:28:01 [notice] 1#1: start worker process 34
2022/10/15 14:28:01 [notice] 1#1: start worker process 35
2022/10/15 14:28:01 [notice] 1#1: start worker process 36
2022/10/15 14:28:01 [notice] 1#1: start worker process 37
2022/10/15 14:28:01 [notice] 1#1: start worker process 38
2022/10/15 14:28:01 [notice] 1#1: start worker process 39
2022/10/15 14:28:01 [notice] 1#1: start worker process 40
2022/10/15 14:28:01 [notice] 1#1: start worker process 41
2022/10/15 14:28:01 [notice] 1#1: start worker process 42
2022/10/15 14:28:01 [notice] 1#1: start worker process 43
2022/10/15 14:28:01 [notice] 1#1: start worker process 44
2022/10/15 14:28:01 [notice] 1#1: start worker process 45
2022/10/15 14:28:01 [notice] 1#1: start worker process 46
2022/10/15 14:28:01 [notice] 1#1: start worker process 47
2022/10/15 14:28:01 [notice] 1#1: start worker process 48
2022/10/15 14:28:01 [notice] 1#1: start worker process 49
2022/10/15 14:28:01 [notice] 1#1: start worker process 50
2022/10/15 14:28:01 [notice] 1#1: start worker process 51
2022/10/15 14:28:01 [notice] 1#1: start worker process 52
2022/10/15 14:28:01 [notice] 1#1: start worker process 53
2022/10/15 18:32:14 [notice] 1#1: signal 3 (SIGQUIT) received, shutting down
2022/10/15 18:32:14 [notice] 30#30: gracefully shutting down
2022/10/15 18:32:14 [notice] 31#31: gracefully shutting down
2022/10/15 18:32:14 [notice] 32#32: gracefully shutting down
2022/10/15 18:32:14 [notice] 33#33: gracefully shutting down
2022/10/15 18:32:14 [notice] 34#34: gracefully shutting down
2022/10/15 18:32:14 [notice] 30#30: exiting
2022/10/15 18:32:14 [notice] 35#35: gracefully shutting down
2022/10/15 18:32:14 [notice] 36#36: gracefully shutting down
2022/10/15 18:32:14 [notice] 37#37: gracefully shutting down
2022/10/15 18:32:14 [notice] 31#31: exiting
2022/10/15 18:32:14 [notice] 39#39: gracefully shutting down
2022/10/15 18:32:14 [notice] 38#38: gracefully shutting down
2022/10/15 18:32:14 [notice] 40#40: gracefully shutting down
2022/10/15 18:32:14 [notice] 41#41: gracefully shutting down
2022/10/15 18:32:14 [notice] 43#43: gracefully shutting down
2022/10/15 18:32:14 [notice] 44#44: gracefully shutting down
2022/10/15 18:32:14 [notice] 45#45: gracefully shutting down
2022/10/15 18:32:14 [notice] 52#52: gracefully shutting down
2022/10/15 18:32:14 [notice] 42#42: gracefully shutting down
2022/10/15 18:32:14 [notice] 32#32: exiting
2022/10/15 18:32:14 [notice] 33#33: exiting
2022/10/15 18:32:14 [notice] 34#34: exiting
2022/10/15 18:32:14 [notice] 35#35: exiting
2022/10/15 18:32:14 [notice] 36#36: exiting
2022/10/15 18:32:14 [notice] 37#37: exiting
2022/10/15 18:32:14 [notice] 30#30: exit
2022/10/15 18:32:14 [notice] 39#39: exiting
2022/10/15 18:32:14 [notice] 38#38: exiting
2022/10/15 18:32:14 [notice] 40#40: exiting
2022/10/15 18:32:14 [notice] 31#31: exit
2022/10/15 18:32:14 [notice] 41#41: exiting
2022/10/15 18:32:14 [notice] 43#43: exiting
2022/10/15 18:32:14 [notice] 44#44: exiting
2022/10/15 18:32:14 [notice] 45#45: exiting
2022/10/15 18:32:14 [notice] 52#52: exiting
2022/10/15 18:32:14 [notice] 42#42: exiting
2022/10/15 18:32:14 [notice] 32#32: exit
2022/10/15 18:32:14 [notice] 34#34: exit
2022/10/15 18:32:14 [notice] 33#33: exit
2022/10/15 18:32:14 [notice] 36#36: exit
2022/10/15 18:32:14 [notice] 35#35: exit
2022/10/15 18:32:14 [notice] 38#38: exit
2022/10/15 18:32:14 [notice] 37#37: exit
2022/10/15 18:32:14 [notice] 39#39: exit
2022/10/15 18:32:14 [notice] 41#41: exit
2022/10/15 18:32:14 [notice] 40#40: exit
2022/10/15 18:32:14 [notice] 45#45: exit
2022/10/15 18:32:14 [notice] 43#43: exit
2022/10/15 18:32:14 [notice] 52#52: exit
2022/10/15 18:32:14 [notice] 44#44: exit
2022/10/15 18:32:14 [notice] 42#42: exit
2022/10/15 18:32:14 [notice] 53#53: gracefully shutting down
2022/10/15 18:32:14 [notice] 53#53: exiting
2022/10/15 18:32:14 [notice] 46#46: gracefully shutting down
2022/10/15 18:32:14 [notice] 46#46: exiting
2022/10/15 18:32:14 [notice] 53#53: exit
2022/10/15 18:32:14 [notice] 46#46: exit
2022/10/15 18:32:14 [notice] 48#48: gracefully shutting down
2022/10/15 18:32:14 [notice] 48#48: exiting
2022/10/15 18:32:14 [notice] 50#50: gracefully shutting down
2022/10/15 18:32:14 [notice] 48#48: exit
2022/10/15 18:32:14 [notice] 50#50: exiting
2022/10/15 18:32:14 [notice] 50#50: exit
2022/10/15 18:32:14 [notice] 49#49: gracefully shutting down
2022/10/15 18:32:14 [notice] 49#49: exiting
2022/10/15 18:32:14 [notice] 49#49: exit
2022/10/15 18:32:14 [notice] 47#47: gracefully shutting down
2022/10/15 18:32:14 [notice] 47#47: exiting
2022/10/15 18:32:14 [notice] 47#47: exit
2022/10/15 18:32:14 [notice] 51#51: gracefully shutting down
2022/10/15 18:32:14 [notice] 51#51: exiting
2022/10/15 18:32:14 [notice] 51#51: exit
2022/10/15 18:32:14 [notice] 1#1: signal 17 (SIGCHLD) received from 45
2022/10/15 18:32:14 [notice] 1#1: worker process 32 exited with code 0
2022/10/15 18:32:14 [notice] 1#1: worker process 45 exited with code 0
2022/10/15 18:32:14 [notice] 1#1: worker process 50 exited with code 0
2022/10/15 18:32:14 [notice] 1#1: worker process 51 exited with code 0
2022/10/15 18:32:14 [notice] 1#1: signal 29 (SIGIO) received
2022/10/15 18:32:14 [notice] 1#1: signal 17 (SIGCHLD) received from 51
2022/10/15 18:32:14 [notice] 1#1: signal 17 (SIGCHLD) received from 35
2022/10/15 18:32:14 [notice] 1#1: worker process 35 exited with code 0
2022/10/15 18:32:14 [notice] 1#1: signal 29 (SIGIO) received
2022/10/15 18:32:14 [notice] 1#1: signal 17 (SIGCHLD) received from 52
2022/10/15 18:32:14 [notice] 1#1: worker process 42 exited with code 0
2022/10/15 18:32:14 [notice] 1#1: worker process 46 exited with code 0
2022/10/15 18:32:14 [notice] 1#1: worker process 47 exited with code 0
2022/10/15 18:32:14 [notice] 1#1: worker process 52 exited with code 0
2022/10/15 18:32:14 [notice] 1#1: worker process 53 exited with code 0
2022/10/15 18:32:14 [notice] 1#1: signal 29 (SIGIO) received
2022/10/15 18:32:14 [notice] 1#1: signal 17 (SIGCHLD) received from 49
2022/10/15 18:32:14 [notice] 1#1: worker process 49 exited with code 0
2022/10/15 18:32:14 [notice] 1#1: signal 29 (SIGIO) received
2022/10/15 18:32:14 [notice] 1#1: signal 17 (SIGCHLD) received from 48
2022/10/15 18:32:14 [notice] 1#1: worker process 48 exited with code 0
2022/10/15 18:32:14 [notice] 1#1: signal 29 (SIGIO) received
2022/10/15 18:32:14 [notice] 1#1: signal 17 (SIGCHLD) received from 44
2022/10/15 18:32:14 [notice] 1#1: worker process 44 exited with code 0
2022/10/15 18:32:14 [notice] 1#1: signal 29 (SIGIO) received
2022/10/15 18:32:14 [notice] 1#1: signal 17 (SIGCHLD) received from 31
2022/10/15 18:32:14 [notice] 1#1: worker process 31 exited with code 0
2022/10/15 18:32:14 [notice] 1#1: signal 29 (SIGIO) received
2022/10/15 18:32:14 [notice] 1#1: signal 17 (SIGCHLD) received from 40
2022/10/15 18:32:14 [notice] 1#1: worker process 30 exited with code 0
2022/10/15 18:32:14 [notice] 1#1: worker process 34 exited with code 0
2022/10/15 18:32:14 [notice] 1#1: worker process 37 exited with code 0
2022/10/15 18:32:14 [notice] 1#1: worker process 39 exited with code 0
2022/10/15 18:32:14 [notice] 1#1: worker process 40 exited with code 0
2022/10/15 18:32:14 [notice] 1#1: worker process 41 exited with code 0
2022/10/15 18:32:14 [notice] 1#1: signal 29 (SIGIO) received
2022/10/15 18:32:14 [notice] 1#1: signal 17 (SIGCHLD) received from 39
2022/10/15 18:32:14 [notice] 1#1: signal 17 (SIGCHLD) received from 43
2022/10/15 18:32:14 [notice] 1#1: worker process 36 exited with code 0
2022/10/15 18:32:14 [notice] 1#1: worker process 43 exited with code 0
2022/10/15 18:32:14 [notice] 1#1: worker process 33 exited with code 0
2022/10/15 18:32:14 [notice] 1#1: signal 29 (SIGIO) received
2022/10/15 18:32:14 [notice] 1#1: signal 17 (SIGCHLD) received from 36
2022/10/15 18:32:14 [notice] 1#1: signal 17 (SIGCHLD) received from 38
2022/10/15 18:32:14 [notice] 1#1: worker process 38 exited with code 0
2022/10/15 18:32:14 [notice] 1#1: exit
2022/10/16 07:52:22 [notice] 1#1: using the "epoll" event method
2022/10/16 07:52:22 [notice] 1#1: nginx/1.23.1
2022/10/16 07:52:22 [notice] 1#1: built by gcc 10.2.1 20210110 (Debian 10.2.1-6) 
2022/10/16 07:52:22 [notice] 1#1: OS: Linux 5.15.0-50-generic
2022/10/16 07:52:22 [notice] 1#1: getrlimit(RLIMIT_NOFILE): 1048576:1048576
2022/10/16 07:52:22 [notice] 1#1: start worker processes
2022/10/16 07:52:22 [notice] 1#1: start worker process 29
2022/10/16 07:52:22 [notice] 1#1: start worker process 30
2022/10/16 07:52:22 [notice] 1#1: start worker process 31
2022/10/16 07:52:22 [notice] 1#1: start worker process 32
2022/10/16 07:52:22 [notice] 1#1: start worker process 33
2022/10/16 07:52:22 [notice] 1#1: start worker process 34
2022/10/16 07:52:22 [notice] 1#1: start worker process 35
2022/10/16 07:52:22 [notice] 1#1: start worker process 36
2022/10/16 07:52:22 [notice] 1#1: start worker process 37
2022/10/16 07:52:22 [notice] 1#1: start worker process 38
2022/10/16 07:52:22 [notice] 1#1: start worker process 39
2022/10/16 07:52:22 [notice] 1#1: start worker process 40
2022/10/16 07:52:22 [notice] 1#1: start worker process 41
2022/10/16 07:52:22 [notice] 1#1: start worker process 42
2022/10/16 07:52:22 [notice] 1#1: start worker process 43
2022/10/16 07:52:22 [notice] 1#1: start worker process 44
2022/10/16 07:52:22 [notice] 1#1: start worker process 45
2022/10/16 07:52:22 [notice] 1#1: start worker process 46
2022/10/16 07:52:22 [notice] 1#1: start worker process 47
2022/10/16 07:52:22 [notice] 1#1: start worker process 48
2022/10/16 07:52:22 [notice] 1#1: start worker process 49
2022/10/16 07:52:22 [notice] 1#1: start worker process 50
2022/10/16 07:52:22 [notice] 1#1: start worker process 51
2022/10/16 07:52:22 [notice] 1#1: start worker process 52
2022/10/16 16:48:54 [notice] 1#1: signal 3 (SIGQUIT) received, shutting down
2022/10/16 16:48:54 [notice] 30#30: gracefully shutting down
2022/10/16 16:48:54 [notice] 32#32: gracefully shutting down
2022/10/16 16:48:54 [notice] 35#35: gracefully shutting down
2022/10/16 16:48:54 [notice] 32#32: exiting
2022/10/16 16:48:54 [notice] 41#41: gracefully shutting down
2022/10/16 16:48:54 [notice] 35#35: exiting
2022/10/16 16:48:54 [notice] 41#41: exiting
2022/10/16 16:48:54 [notice] 46#46: gracefully shutting down
2022/10/16 16:48:54 [notice] 38#38: gracefully shutting down
2022/10/16 16:48:54 [notice] 36#36: gracefully shutting down
2022/10/16 16:48:54 [notice] 40#40: gracefully shutting down
2022/10/16 16:48:54 [notice] 47#47: gracefully shutting down
2022/10/16 16:48:54 [notice] 43#43: gracefully shutting down
2022/10/16 16:48:54 [notice] 48#48: gracefully shutting down
2022/10/16 16:48:54 [notice] 49#49: gracefully shutting down
2022/10/16 16:48:54 [notice] 32#32: exit
2022/10/16 16:48:54 [notice] 35#35: exit
2022/10/16 16:48:54 [notice] 41#41: exit
2022/10/16 16:48:54 [notice] 46#46: exiting
2022/10/16 16:48:54 [notice] 33#33: gracefully shutting down
2022/10/16 16:48:54 [notice] 34#34: gracefully shutting down
2022/10/16 16:48:54 [notice] 38#38: exiting
2022/10/16 16:48:54 [notice] 36#36: exiting
2022/10/16 16:48:54 [notice] 45#45: gracefully shutting down
2022/10/16 16:48:54 [notice] 40#40: exiting
2022/10/16 16:48:54 [notice] 47#47: exiting
2022/10/16 16:48:54 [notice] 43#43: exiting
2022/10/16 16:48:54 [notice] 48#48: exiting
2022/10/16 16:48:54 [notice] 49#49: exiting
2022/10/16 16:48:54 [notice] 46#46: exit
2022/10/16 16:48:54 [notice] 33#33: exiting
2022/10/16 16:48:54 [notice] 34#34: exiting
2022/10/16 16:48:54 [notice] 45#45: exiting
2022/10/16 16:48:54 [notice] 38#38: exit
2022/10/16 16:48:54 [notice] 36#36: exit
2022/10/16 16:48:54 [notice] 40#40: exit
2022/10/16 16:48:54 [notice] 43#43: exit
2022/10/16 16:48:54 [notice] 47#47: exit
2022/10/16 16:48:54 [notice] 48#48: exit
2022/10/16 16:48:54 [notice] 33#33: exit
2022/10/16 16:48:54 [notice] 49#49: exit
2022/10/16 16:48:54 [notice] 45#45: exit
2022/10/16 16:48:54 [notice] 34#34: exit
2022/10/16 16:48:54 [notice] 30#30: exiting
2022/10/16 16:48:54 [notice] 42#42: gracefully shutting down
2022/10/16 16:48:54 [notice] 42#42: exiting
2022/10/16 16:48:54 [notice] 30#30: exit
2022/10/16 16:48:54 [notice] 42#42: exit
2022/10/16 16:48:54 [notice] 39#39: gracefully shutting down
2022/10/16 16:48:54 [notice] 31#31: gracefully shutting down
2022/10/16 16:48:54 [notice] 29#29: gracefully shutting down
2022/10/16 16:48:54 [notice] 52#52: gracefully shutting down
2022/10/16 16:48:54 [notice] 39#39: exiting
2022/10/16 16:48:54 [notice] 31#31: exiting
2022/10/16 16:48:54 [notice] 29#29: exiting
2022/10/16 16:48:54 [notice] 39#39: exit
2022/10/16 16:48:54 [notice] 52#52: exiting
2022/10/16 16:48:54 [notice] 31#31: exit
2022/10/16 16:48:54 [notice] 29#29: exit
2022/10/16 16:48:54 [notice] 52#52: exit
2022/10/16 16:48:54 [notice] 44#44: gracefully shutting down
2022/10/16 16:48:54 [notice] 44#44: exiting
2022/10/16 16:48:54 [notice] 44#44: exit
2022/10/16 16:48:54 [notice] 51#51: gracefully shutting down
2022/10/16 16:48:54 [notice] 51#51: exiting
2022/10/16 16:48:54 [notice] 51#51: exit
2022/10/16 16:48:54 [notice] 50#50: gracefully shutting down
2022/10/16 16:48:54 [notice] 50#50: exiting
2022/10/16 16:48:54 [notice] 50#50: exit
2022/10/16 16:48:54 [notice] 37#37: gracefully shutting down
2022/10/16 16:48:54 [notice] 37#37: exiting
2022/10/16 16:48:54 [notice] 37#37: exit
2022/10/16 16:48:54 [notice] 1#1: signal 17 (SIGCHLD) received from 31
2022/10/16 16:48:54 [notice] 1#1: worker process 31 exited with code 0
2022/10/16 16:48:54 [notice] 1#1: signal 29 (SIGIO) received
2022/10/16 16:48:54 [notice] 1#1: signal 17 (SIGCHLD) received from 42
2022/10/16 16:48:54 [notice] 1#1: worker process 42 exited with code 0
2022/10/16 16:48:54 [notice] 1#1: signal 29 (SIGIO) received
2022/10/16 16:48:54 [notice] 1#1: signal 17 (SIGCHLD) received from 45
2022/10/16 16:48:54 [notice] 1#1: worker process 35 exited with code 0
2022/10/16 16:48:54 [notice] 1#1: worker process 30 exited with code 0
2022/10/16 16:48:54 [notice] 1#1: worker process 34 exited with code 0
2022/10/16 16:48:54 [notice] 1#1: worker process 40 exited with code 0
2022/10/16 16:48:54 [notice] 1#1: worker process 41 exited with code 0
2022/10/16 16:48:54 [notice] 1#1: worker process 45 exited with code 0
2022/10/16 16:48:54 [notice] 1#1: worker process 46 exited with code 0
2022/10/16 16:48:54 [notice] 1#1: worker process 47 exited with code 0
2022/10/16 16:48:54 [notice] 1#1: worker process 50 exited with code 0
2022/10/16 16:48:54 [notice] 1#1: worker process 51 exited with code 0
2022/10/16 16:48:54 [notice] 1#1: signal 29 (SIGIO) received
2022/10/16 16:48:54 [notice] 1#1: signal 17 (SIGCHLD) received from 35
2022/10/16 16:48:54 [notice] 1#1: signal 17 (SIGCHLD) received from 49
2022/10/16 16:48:54 [notice] 1#1: worker process 49 exited with code 0
2022/10/16 16:48:54 [notice] 1#1: signal 29 (SIGIO) received
2022/10/16 16:48:54 [notice] 1#1: signal 17 (SIGCHLD) received from 32
2022/10/16 16:48:54 [notice] 1#1: worker process 32 exited with code 0
2022/10/16 16:48:54 [notice] 1#1: worker process 38 exited with code 0
2022/10/16 16:48:54 [notice] 1#1: worker process 43 exited with code 0
2022/10/16 16:48:54 [notice] 1#1: signal 29 (SIGIO) received
2022/10/16 16:48:54 [notice] 1#1: signal 17 (SIGCHLD) received from 38
2022/10/16 16:48:54 [notice] 1#1: signal 17 (SIGCHLD) received from 39
2022/10/16 16:48:54 [notice] 1#1: worker process 37 exited with code 0
2022/10/16 16:48:54 [notice] 1#1: worker process 39 exited with code 0
2022/10/16 16:48:54 [notice] 1#1: worker process 44 exited with code 0
2022/10/16 16:48:54 [notice] 1#1: signal 29 (SIGIO) received
2022/10/16 16:48:54 [notice] 1#1: signal 17 (SIGCHLD) received from 44
2022/10/16 16:48:54 [notice] 1#1: signal 17 (SIGCHLD) received from 52
2022/10/16 16:48:54 [notice] 1#1: worker process 52 exited with code 0
2022/10/16 16:48:54 [notice] 1#1: signal 29 (SIGIO) received
2022/10/16 16:48:54 [notice] 1#1: signal 17 (SIGCHLD) received from 33
2022/10/16 16:48:54 [notice] 1#1: worker process 33 exited with code 0
2022/10/16 16:48:54 [notice] 1#1: signal 29 (SIGIO) received
2022/10/16 16:48:54 [notice] 1#1: signal 17 (SIGCHLD) received from 48
2022/10/16 16:48:54 [notice] 1#1: worker process 48 exited with code 0
2022/10/16 16:48:54 [notice] 1#1: signal 29 (SIGIO) received
2022/10/16 16:48:54 [notice] 1#1: signal 17 (SIGCHLD) received from 36
2022/10/16 16:48:54 [notice] 1#1: worker process 36 exited with code 0
2022/10/16 16:48:54 [notice] 1#1: signal 29 (SIGIO) received
2022/10/16 16:48:54 [notice] 1#1: signal 17 (SIGCHLD) received from 29
2022/10/16 16:48:54 [notice] 1#1: worker process 29 exited with code 0
2022/10/16 16:48:54 [notice] 1#1: exit
2022/10/16 17:03:20 [notice] 1#1: using the "epoll" event method
2022/10/16 17:03:20 [notice] 1#1: nginx/1.23.1
2022/10/16 17:03:20 [notice] 1#1: built by gcc 10.2.1 20210110 (Debian 10.2.1-6) 
2022/10/16 17:03:20 [notice] 1#1: OS: Linux 5.15.0-50-generic
2022/10/16 17:03:20 [notice] 1#1: getrlimit(RLIMIT_NOFILE): 1048576:1048576
2022/10/16 17:03:20 [notice] 1#1: start worker processes
2022/10/16 17:03:20 [notice] 1#1: start worker process 30
2022/10/16 17:03:20 [notice] 1#1: start worker process 31
2022/10/16 17:03:20 [notice] 1#1: start worker process 32
2022/10/16 17:03:20 [notice] 1#1: start worker process 33
2022/10/16 17:03:20 [notice] 1#1: start worker process 34
2022/10/16 17:03:20 [notice] 1#1: start worker process 35
2022/10/16 17:03:20 [notice] 1#1: start worker process 36
2022/10/16 17:03:20 [notice] 1#1: start worker process 37
2022/10/16 17:03:20 [notice] 1#1: start worker process 38
2022/10/16 17:03:20 [notice] 1#1: start worker process 39
2022/10/16 17:03:20 [notice] 1#1: start worker process 40
2022/10/16 17:03:20 [notice] 1#1: start worker process 41
2022/10/16 17:03:20 [notice] 1#1: start worker process 42
2022/10/16 17:03:20 [notice] 1#1: start worker process 43
2022/10/16 17:03:20 [notice] 1#1: start worker process 44
2022/10/16 17:03:20 [notice] 1#1: start worker process 45
2022/10/16 17:03:20 [notice] 1#1: start worker process 46
2022/10/16 17:03:20 [notice] 1#1: start worker process 47
2022/10/16 17:03:20 [notice] 1#1: start worker process 48
2022/10/16 17:03:20 [notice] 1#1: start worker process 49
2022/10/16 17:03:20 [notice] 1#1: start worker process 50
2022/10/16 17:03:20 [notice] 1#1: start worker process 51
2022/10/16 17:03:20 [notice] 1#1: start worker process 52
2022/10/16 17:03:20 [notice] 1#1: start worker process 53
2022/10/16 21:15:39 [notice] 1#1: signal 3 (SIGQUIT) received, shutting down
2022/10/16 21:15:39 [notice] 30#30: gracefully shutting down
2022/10/16 21:15:39 [notice] 31#31: gracefully shutting down
2022/10/16 21:15:39 [notice] 32#32: gracefully shutting down
2022/10/16 21:15:39 [notice] 35#35: gracefully shutting down
2022/10/16 21:15:39 [notice] 34#34: gracefully shutting down
2022/10/16 21:15:39 [notice] 41#41: gracefully shutting down
2022/10/16 21:15:39 [notice] 43#43: gracefully shutting down
2022/10/16 21:15:39 [notice] 44#44: gracefully shutting down
2022/10/16 21:15:39 [notice] 40#40: gracefully shutting down
2022/10/16 21:15:39 [notice] 45#45: gracefully shutting down
2022/10/16 21:15:39 [notice] 46#46: gracefully shutting down
2022/10/16 21:15:39 [notice] 47#47: gracefully shutting down
2022/10/16 21:15:39 [notice] 42#42: gracefully shutting down
2022/10/16 21:15:39 [notice] 48#48: gracefully shutting down
2022/10/16 21:15:39 [notice] 50#50: gracefully shutting down
2022/10/16 21:15:39 [notice] 51#51: gracefully shutting down
2022/10/16 21:15:39 [notice] 49#49: gracefully shutting down
2022/10/16 21:15:39 [notice] 38#38: gracefully shutting down
2022/10/16 21:15:39 [notice] 32#32: exiting
2022/10/16 21:15:39 [notice] 35#35: exiting
2022/10/16 21:15:39 [notice] 41#41: exiting
2022/10/16 21:15:39 [notice] 34#34: exiting
2022/10/16 21:15:39 [notice] 43#43: exiting
2022/10/16 21:15:39 [notice] 44#44: exiting
2022/10/16 21:15:39 [notice] 40#40: exiting
2022/10/16 21:15:39 [notice] 46#46: exiting
2022/10/16 21:15:39 [notice] 45#45: exiting
2022/10/16 21:15:39 [notice] 47#47: exiting
2022/10/16 21:15:39 [notice] 42#42: exiting
2022/10/16 21:15:39 [notice] 48#48: exiting
2022/10/16 21:15:39 [notice] 50#50: exiting
2022/10/16 21:15:39 [notice] 51#51: exiting
2022/10/16 21:15:39 [notice] 49#49: exiting
2022/10/16 21:15:39 [notice] 38#38: exiting
2022/10/16 21:15:39 [notice] 32#32: exit
2022/10/16 21:15:39 [notice] 35#35: exit
2022/10/16 21:15:39 [notice] 44#44: exit
2022/10/16 21:15:39 [notice] 40#40: exit
2022/10/16 21:15:39 [notice] 41#41: exit
2022/10/16 21:15:39 [notice] 43#43: exit
2022/10/16 21:15:39 [notice] 34#34: exit
2022/10/16 21:15:39 [notice] 51#51: exit
2022/10/16 21:15:39 [notice] 45#45: exit
2022/10/16 21:15:39 [notice] 48#48: exit
2022/10/16 21:15:39 [notice] 46#46: exit
2022/10/16 21:15:39 [notice] 50#50: exit
2022/10/16 21:15:39 [notice] 47#47: exit
2022/10/16 21:15:39 [notice] 42#42: exit
2022/10/16 21:15:39 [notice] 49#49: exit
2022/10/16 21:15:39 [notice] 38#38: exit
2022/10/16 21:15:39 [notice] 53#53: gracefully shutting down
2022/10/16 21:15:39 [notice] 53#53: exiting
2022/10/16 21:15:39 [notice] 53#53: exit
2022/10/16 21:15:39 [notice] 37#37: gracefully shutting down
2022/10/16 21:15:39 [notice] 31#31: exiting
2022/10/16 21:15:39 [notice] 33#33: gracefully shutting down
2022/10/16 21:15:39 [notice] 31#31: exit
2022/10/16 21:15:39 [notice] 30#30: exiting
2022/10/16 21:15:39 [notice] 33#33: exiting
2022/10/16 21:15:39 [notice] 39#39: gracefully shutting down
2022/10/16 21:15:39 [notice] 36#36: gracefully shutting down
2022/10/16 21:15:39 [notice] 33#33: exit
2022/10/16 21:15:39 [notice] 39#39: exiting
2022/10/16 21:15:39 [notice] 36#36: exiting
2022/10/16 21:15:39 [notice] 30#30: exit
2022/10/16 21:15:39 [notice] 39#39: exit
2022/10/16 21:15:39 [notice] 36#36: exit
2022/10/16 21:15:39 [notice] 37#37: exiting
2022/10/16 21:15:39 [notice] 37#37: exit
2022/10/16 21:15:39 [notice] 52#52: gracefully shutting down
2022/10/16 21:15:39 [notice] 52#52: exiting
2022/10/16 21:15:39 [notice] 52#52: exit
2022/10/16 21:15:39 [notice] 1#1: signal 17 (SIGCHLD) received from 53
2022/10/16 21:15:39 [notice] 1#1: worker process 44 exited with code 0
2022/10/16 21:15:39 [notice] 1#1: worker process 53 exited with code 0
2022/10/16 21:15:39 [notice] 1#1: signal 29 (SIGIO) received
2022/10/16 21:15:39 [notice] 1#1: signal 17 (SIGCHLD) received from 44
2022/10/16 21:15:39 [notice] 1#1: signal 17 (SIGCHLD) received from 32
2022/10/16 21:15:39 [notice] 1#1: worker process 32 exited with code 0
2022/10/16 21:15:39 [notice] 1#1: worker process 39 exited with code 0
2022/10/16 21:15:39 [notice] 1#1: signal 29 (SIGIO) received
2022/10/16 21:15:39 [notice] 1#1: signal 17 (SIGCHLD) received from 37
2022/10/16 21:15:39 [notice] 1#1: worker process 37 exited with code 0
2022/10/16 21:15:39 [notice] 1#1: signal 29 (SIGIO) received
2022/10/16 21:15:39 [notice] 1#1: signal 17 (SIGCHLD) received from 51
2022/10/16 21:15:39 [notice] 1#1: worker process 51 exited with code 0
2022/10/16 21:15:39 [notice] 1#1: signal 29 (SIGIO) received
2022/10/16 21:15:39 [notice] 1#1: signal 17 (SIGCHLD) received from 48
2022/10/16 21:15:39 [notice] 1#1: worker process 48 exited with code 0
2022/10/16 21:15:39 [notice] 1#1: signal 29 (SIGIO) received
2022/10/16 21:15:39 [notice] 1#1: signal 17 (SIGCHLD) received from 47
2022/10/16 21:15:39 [notice] 1#1: worker process 47 exited with code 0
2022/10/16 21:15:39 [notice] 1#1: signal 29 (SIGIO) received
2022/10/16 21:15:39 [notice] 1#1: signal 17 (SIGCHLD) received from 52
2022/10/16 21:15:39 [notice] 1#1: worker process 52 exited with code 0
2022/10/16 21:15:39 [notice] 1#1: worker process 31 exited with code 0
2022/10/16 21:15:39 [notice] 1#1: worker process 45 exited with code 0
2022/10/16 21:15:39 [notice] 1#1: worker process 35 exited with code 0
2022/10/16 21:15:39 [notice] 1#1: signal 29 (SIGIO) received
2022/10/16 21:15:39 [notice] 1#1: signal 17 (SIGCHLD) received from 31
2022/10/16 21:15:39 [notice] 1#1: worker process 30 exited with code 0
2022/10/16 21:15:39 [notice] 1#1: signal 29 (SIGIO) received
2022/10/16 21:15:39 [notice] 1#1: signal 17 (SIGCHLD) received from 33
2022/10/16 21:15:39 [notice] 1#1: worker process 33 exited with code 0
2022/10/16 21:15:39 [notice] 1#1: signal 29 (SIGIO) received
2022/10/16 21:15:39 [notice] 1#1: signal 17 (SIGCHLD) received from 43
2022/10/16 21:15:39 [notice] 1#1: worker process 43 exited with code 0
2022/10/16 21:15:39 [notice] 1#1: signal 29 (SIGIO) received
2022/10/16 21:15:39 [notice] 1#1: signal 17 (SIGCHLD) received from 41
2022/10/16 21:15:39 [notice] 1#1: worker process 41 exited with code 0
2022/10/16 21:15:39 [notice] 1#1: signal 29 (SIGIO) received
2022/10/16 21:15:39 [notice] 1#1: signal 17 (SIGCHLD) received from 34
2022/10/16 21:15:39 [notice] 1#1: worker process 34 exited with code 0
2022/10/16 21:15:39 [notice] 1#1: signal 29 (SIGIO) received
2022/10/16 21:15:39 [notice] 1#1: signal 17 (SIGCHLD) received from 50
2022/10/16 21:15:39 [notice] 1#1: worker process 50 exited with code 0
2022/10/16 21:15:39 [notice] 1#1: signal 29 (SIGIO) received
2022/10/16 21:15:39 [notice] 1#1: signal 17 (SIGCHLD) received from 42
2022/10/16 21:15:39 [notice] 1#1: worker process 42 exited with code 0
2022/10/16 21:15:39 [notice] 1#1: signal 29 (SIGIO) received
2022/10/16 21:15:39 [notice] 1#1: signal 17 (SIGCHLD) received from 36
2022/10/16 21:15:39 [notice] 1#1: worker process 36 exited with code 0
2022/10/16 21:15:39 [notice] 1#1: signal 29 (SIGIO) received
2022/10/16 21:15:39 [notice] 1#1: signal 17 (SIGCHLD) received from 49
2022/10/16 21:15:39 [notice] 1#1: worker process 38 exited with code 0
2022/10/16 21:15:39 [notice] 1#1: worker process 40 exited with code 0
2022/10/16 21:15:39 [notice] 1#1: worker process 46 exited with code 0
2022/10/16 21:15:39 [notice] 1#1: worker process 49 exited with code 0
2022/10/16 21:15:39 [notice] 1#1: exit
